<?xml version="1.0" encoding="UTF-8"?>
<!-- Generated by org.testng.reporters.JUnitReportReporter -->
<testsuite skipped="0" hostname="DESKTOP-AH45OOC" name="com.actitime.test.CreateCustomer" tests="1" failures="0" timestamp="2020-09-11T17:31:04 PDT" time="18.966" errors="0">
  <testcase name="testCreatecustomer" time="18.966" classname="com.actitime.test.CreateCustomer"/>
  <system-out/>
</testsuite> <!-- com.actitime.test.CreateCustomer -->
